[1.867s] DEBUG:colcon:Command line arguments: ['/usr/bin/colcon', 'build']
[1.867s] DEBUG:colcon:Parsed command line arguments: Namespace(log_base=None, log_level=None, verb_name='build', build_base='build', install_base='install', merge_install=False, symlink_install=False, test_result_base=None, continue_on_error=False, executor='parallel', parallel_workers=4, event_handlers=None, ignore_user_meta=False, metas=['./colcon.meta'], base_paths=['.'], packages_ignore=None, packages_ignore_regex=None, paths=None, packages_up_to=None, packages_up_to_regex=None, packages_above=None, packages_above_and_dependencies=None, packages_above_depth=None, packages_select_by_dep=None, packages_skip_by_dep=None, packages_skip_up_to=None, packages_select_build_failed=False, packages_skip_build_finished=False, packages_select_test_failures=False, packages_skip_test_passed=False, packages_select=None, packages_skip=None, packages_select_regex=None, packages_skip_regex=None, packages_start=None, packages_end=None, cmake_args=None, cmake_target=None, cmake_target_skip_unavailable=False, cmake_clean_cache=False, cmake_clean_first=False, cmake_force_configure=False, ament_cmake_args=None, catkin_cmake_args=None, catkin_skip_building_tests=False, mixin_files=None, mixin=None, verb_parser=<colcon_mixin.mixin.mixin_argument.MixinArgumentDecorator object at 0x7f7fda9d50>, verb_extension=<colcon_core.verb.build.BuildVerb object at 0x7f7fda9870>, main=<bound method BuildVerb.main of <colcon_core.verb.build.BuildVerb object at 0x7f7fda9870>>, mixin_verb=('build',))
[3.987s] Level 1:colcon.colcon_core.package_discovery:discover_packages(colcon_meta) check parameters
[4.001s] INFO:colcon.colcon_metadata.package_discovery.colcon_meta:Using configuration from '/root/.colcon/metadata/default/Gazebo.meta'
[4.013s] INFO:colcon.colcon_metadata.package_discovery.colcon_meta:Using configuration from '/root/.colcon/metadata/default/fastdds.meta'
[4.025s] INFO:colcon.colcon_metadata.package_discovery.colcon_meta:Using configuration from '/root/.colcon/metadata/default/fastrtps.meta'
[4.026s] Level 1:colcon.colcon_core.package_discovery:discover_packages(recursive) check parameters
[4.027s] Level 1:colcon.colcon_core.package_discovery:discover_packages(ignore) check parameters
[4.027s] Level 1:colcon.colcon_core.package_discovery:discover_packages(path) check parameters
[4.028s] Level 1:colcon.colcon_core.package_discovery:discover_packages(colcon_meta) discover
[4.028s] Level 1:colcon.colcon_core.package_discovery:discover_packages(recursive) discover
[4.029s] INFO:colcon.colcon_core.package_discovery:Crawling recursively for packages in '/ros2_ws'
[4.030s] Level 1:colcon.colcon_core.package_identification:_identify(.) by extensions ['ignore', 'ignore_ament_install']
[4.032s] Level 1:colcon.colcon_core.package_identification:_identify(.) by extension 'ignore'
[4.032s] Level 1:colcon.colcon_core.package_identification:_identify(.) by extension 'ignore_ament_install'
[4.033s] Level 1:colcon.colcon_core.package_identification:_identify(.) by extensions ['colcon_pkg']
[4.034s] Level 1:colcon.colcon_core.package_identification:_identify(.) by extension 'colcon_pkg'
[4.035s] Level 1:colcon.colcon_core.package_identification:_identify(.) by extensions ['colcon_meta']
[4.035s] Level 1:colcon.colcon_core.package_identification:_identify(.) by extension 'colcon_meta'
[4.036s] Level 1:colcon.colcon_core.package_identification:_identify(.) by extensions ['ros']
[4.036s] Level 1:colcon.colcon_core.package_identification:_identify(.) by extension 'ros'
[4.252s] Level 1:colcon.colcon_core.package_identification:_identify(.) by extensions ['cmake', 'python']
[4.253s] Level 1:colcon.colcon_core.package_identification:_identify(.) by extension 'cmake'
[4.254s] Level 1:colcon.colcon_core.package_identification:_identify(.) by extension 'python'
[4.254s] Level 1:colcon.colcon_core.package_identification:_identify(.) by extensions ['python_setup_py']
[4.255s] Level 1:colcon.colcon_core.package_identification:_identify(.) by extension 'python_setup_py'
[4.256s] Level 1:colcon.colcon_core.package_identification:_identify(build) by extensions ['ignore', 'ignore_ament_install']
[4.258s] Level 1:colcon.colcon_core.package_identification:_identify(build) by extension 'ignore'
[4.259s] Level 1:colcon.colcon_core.package_identification:_identify(build) ignored
[4.260s] Level 1:colcon.colcon_core.package_identification:_identify(install) by extensions ['ignore', 'ignore_ament_install']
[4.262s] Level 1:colcon.colcon_core.package_identification:_identify(install) by extension 'ignore'
[4.262s] Level 1:colcon.colcon_core.package_identification:_identify(install) ignored
[4.264s] Level 1:colcon.colcon_core.package_identification:_identify(log) by extensions ['ignore', 'ignore_ament_install']
[4.265s] Level 1:colcon.colcon_core.package_identification:_identify(log) by extension 'ignore'
[4.266s] Level 1:colcon.colcon_core.package_identification:_identify(log) ignored
[4.267s] Level 1:colcon.colcon_core.package_identification:_identify(src) by extensions ['ignore', 'ignore_ament_install']
[4.268s] Level 1:colcon.colcon_core.package_identification:_identify(src) by extension 'ignore'
[4.269s] Level 1:colcon.colcon_core.package_identification:_identify(src) by extension 'ignore_ament_install'
[4.270s] Level 1:colcon.colcon_core.package_identification:_identify(src) by extensions ['colcon_pkg']
[4.271s] Level 1:colcon.colcon_core.package_identification:_identify(src) by extension 'colcon_pkg'
[4.271s] Level 1:colcon.colcon_core.package_identification:_identify(src) by extensions ['colcon_meta']
[4.272s] Level 1:colcon.colcon_core.package_identification:_identify(src) by extension 'colcon_meta'
[4.273s] Level 1:colcon.colcon_core.package_identification:_identify(src) by extensions ['ros']
[4.273s] Level 1:colcon.colcon_core.package_identification:_identify(src) by extension 'ros'
[4.274s] Level 1:colcon.colcon_core.package_identification:_identify(src) by extensions ['cmake', 'python']
[4.275s] Level 1:colcon.colcon_core.package_identification:_identify(src) by extension 'cmake'
[4.276s] Level 1:colcon.colcon_core.package_identification:_identify(src) by extension 'python'
[4.277s] Level 1:colcon.colcon_core.package_identification:_identify(src) by extensions ['python_setup_py']
[4.277s] Level 1:colcon.colcon_core.package_identification:_identify(src) by extension 'python_setup_py'
[4.278s] Level 1:colcon.colcon_core.package_discovery:discover_packages(recursive) using defaults
[4.279s] Level 1:colcon.colcon_core.package_discovery:discover_packages(ignore) discover
[4.279s] Level 1:colcon.colcon_core.package_discovery:discover_packages(ignore) using defaults
[4.280s] Level 1:colcon.colcon_core.package_discovery:discover_packages(path) discover
[4.280s] Level 1:colcon.colcon_core.package_discovery:discover_packages(path) using defaults
[4.677s] INFO:colcon.colcon_core.executor:Executing jobs using 'parallel' executor
[4.689s] DEBUG:colcon.colcon_parallel_executor.executor.parallel:run_until_complete
[4.691s] DEBUG:colcon.colcon_parallel_executor.executor.parallel:closing loop
[4.693s] DEBUG:colcon.colcon_parallel_executor.executor.parallel:loop closed
[4.694s] DEBUG:colcon.colcon_parallel_executor.executor.parallel:run_until_complete finished with '0'
[4.694s] DEBUG:colcon.colcon_core.event_reactor:joining thread
[4.882s] INFO:colcon.colcon_core.plugin_system:Skipping extension 'colcon_notification.desktop_notification.notify_send': Could not find 'notify-send'
[4.884s] INFO:colcon.colcon_core.plugin_system:Skipping extension 'colcon_notification.desktop_notification.terminal_notifier': Not used on non-Darwin systems
[4.885s] INFO:colcon.colcon_core.plugin_system:Skipping extension 'colcon_notification.desktop_notification.win32': Not used on non-Windows systems
[4.885s] INFO:colcon.colcon_notification.desktop_notification:Sending desktop notification using 'notify2'
[4.886s] DEBUG:colcon.colcon_notification.desktop_notification.notify2:Failed to initialize notify2: org.freedesktop.DBus.Error.NotSupported: Unable to autolaunch a dbus-daemon without a $DISPLAY for X11
[4.887s] DEBUG:colcon.colcon_core.event_reactor:joined thread
[4.936s] INFO:colcon.colcon_core.plugin_system:Skipping extension 'colcon_core.shell.bat': Not used on non-Windows systems
[4.939s] INFO:colcon.colcon_core.shell:Creating prefix script '/ros2_ws/install/local_setup.ps1'
[4.955s] INFO:colcon.colcon_core.shell:Creating prefix util module '/ros2_ws/install/_local_setup_util_ps1.py'
[4.983s] INFO:colcon.colcon_core.shell:Creating prefix chain script '/ros2_ws/install/setup.ps1'
[5.017s] INFO:colcon.colcon_core.shell:Creating prefix script '/ros2_ws/install/local_setup.sh'
[5.030s] INFO:colcon.colcon_core.shell:Creating prefix util module '/ros2_ws/install/_local_setup_util_sh.py'
[5.038s] INFO:colcon.colcon_core.shell:Creating prefix chain script '/ros2_ws/install/setup.sh'
[5.056s] INFO:colcon.colcon_core.shell:Creating prefix script '/ros2_ws/install/local_setup.bash'
[5.068s] INFO:colcon.colcon_core.shell:Creating prefix chain script '/ros2_ws/install/setup.bash'
[5.085s] INFO:colcon.colcon_core.shell:Creating prefix script '/ros2_ws/install/local_setup.zsh'
[5.096s] INFO:colcon.colcon_core.shell:Creating prefix chain script '/ros2_ws/install/setup.zsh'
